C:\Work\Eminence\payments\angApplication (1)\angApplication\angApplication\src\app\_helpers\jwt.interceptor.js
C:\Work\Eminence\payments\angApplication (1)\angApplication\angApplication\src\app\_helpers\jwt.interceptor.js.map
C:\Work\Eminence\payments\angApplication (1)\angApplication\angApplication\src\app\_helpers\fake-backend.js
C:\Work\Eminence\payments\angApplication (1)\angApplication\angApplication\src\app\_helpers\fake-backend.js.map
C:\Work\Eminence\payments\angApplication (1)\angApplication\angApplication\src\app\_helpers\index.js
C:\Work\Eminence\payments\angApplication (1)\angApplication\angApplication\src\app\_helpers\index.js.map
C:\Work\Eminence\payments\angApplication (1)\angApplication\angApplication\src\app\app.component.js
C:\Work\Eminence\payments\angApplication (1)\angApplication\angApplication\src\app\app.component.js.map
C:\Work\Eminence\payments\angApplication (1)\angApplication\angApplication\src\app\_models\user.js
C:\Work\Eminence\payments\angApplication (1)\angApplication\angApplication\src\app\_models\user.js.map
C:\Work\Eminence\payments\angApplication (1)\angApplication\angApplication\src\app\_models\index.js
C:\Work\Eminence\payments\angApplication (1)\angApplication\angApplication\src\app\_models\index.js.map
C:\Work\Eminence\payments\angApplication (1)\angApplication\angApplication\src\app\_services\alert.service.js
C:\Work\Eminence\payments\angApplication (1)\angApplication\angApplication\src\app\_services\alert.service.js.map
C:\Work\Eminence\payments\angApplication (1)\angApplication\angApplication\src\app\_services\authentication.service.js
C:\Work\Eminence\payments\angApplication (1)\angApplication\angApplication\src\app\_services\authentication.service.js.map
C:\Work\Eminence\payments\angApplication (1)\angApplication\angApplication\src\app\_services\user.service.js
C:\Work\Eminence\payments\angApplication (1)\angApplication\angApplication\src\app\_services\user.service.js.map
C:\Work\Eminence\payments\angApplication (1)\angApplication\angApplication\src\app\_services\index.js
C:\Work\Eminence\payments\angApplication (1)\angApplication\angApplication\src\app\_services\index.js.map
C:\Work\Eminence\payments\angApplication (1)\angApplication\angApplication\src\app\home\home.component.js
C:\Work\Eminence\payments\angApplication (1)\angApplication\angApplication\src\app\home\home.component.js.map
C:\Work\Eminence\payments\angApplication (1)\angApplication\angApplication\src\app\home\index.js
C:\Work\Eminence\payments\angApplication (1)\angApplication\angApplication\src\app\home\index.js.map
C:\Work\Eminence\payments\angApplication (1)\angApplication\angApplication\src\app\login\login.component.js
C:\Work\Eminence\payments\angApplication (1)\angApplication\angApplication\src\app\login\login.component.js.map
C:\Work\Eminence\payments\angApplication (1)\angApplication\angApplication\src\app\login\index.js
C:\Work\Eminence\payments\angApplication (1)\angApplication\angApplication\src\app\login\index.js.map
C:\Work\Eminence\payments\angApplication (1)\angApplication\angApplication\src\app\register\register.component.js
C:\Work\Eminence\payments\angApplication (1)\angApplication\angApplication\src\app\register\register.component.js.map
C:\Work\Eminence\payments\angApplication (1)\angApplication\angApplication\src\app\register\index.js
C:\Work\Eminence\payments\angApplication (1)\angApplication\angApplication\src\app\register\index.js.map
C:\Work\Eminence\payments\angApplication (1)\angApplication\angApplication\src\app\_guards\auth.guard.js
C:\Work\Eminence\payments\angApplication (1)\angApplication\angApplication\src\app\_guards\auth.guard.js.map
C:\Work\Eminence\payments\angApplication (1)\angApplication\angApplication\src\app\_guards\index.js
C:\Work\Eminence\payments\angApplication (1)\angApplication\angApplication\src\app\_guards\index.js.map
C:\Work\Eminence\payments\angApplication (1)\angApplication\angApplication\src\app\app.routing.js
C:\Work\Eminence\payments\angApplication (1)\angApplication\angApplication\src\app\app.routing.js.map
C:\Work\Eminence\payments\angApplication (1)\angApplication\angApplication\src\app\_directives\alert.component.js
C:\Work\Eminence\payments\angApplication (1)\angApplication\angApplication\src\app\_directives\alert.component.js.map
C:\Work\Eminence\payments\angApplication (1)\angApplication\angApplication\src\app\_directives\index.js
C:\Work\Eminence\payments\angApplication (1)\angApplication\angApplication\src\app\_directives\index.js.map
C:\Work\Eminence\payments\angApplication (1)\angApplication\angApplication\src\app\app.module.js
C:\Work\Eminence\payments\angApplication (1)\angApplication\angApplication\src\app\app.module.js.map
C:\Work\Eminence\payments\angApplication (1)\angApplication\angApplication\src\main.js
C:\Work\Eminence\payments\angApplication (1)\angApplication\angApplication\src\main.js.map
C:\Work\Eminence\payments\angApplication (1)\angApplication\angApplication\src\app\app.component.spec.js
C:\Work\Eminence\payments\angApplication (1)\angApplication\angApplication\src\app\app.component.spec.js.map
